+-----------------------------------------+
| L'arxiu resultant es troba al directori |
+-----------------------------------------+
| /tmp/instadb.out                        |
+-----------------------------------------+
+-------------------------+
| current_timestamp(3)    |
+-------------------------+
| 2024-10-17 18:37:36.466 |
+-------------------------+
+---------------------------+
| [ ** RESULTAT INSERT ** ] |
+---------------------------+
| ** Correcte ** 3          |
+---------------------------+
+-------------------------+
| current_timestamp(3)    |
+-------------------------+
| 2024-10-17 18:37:36.471 |
+-------------------------+
+---------------------------+
| [ ** RESULTAT UPDATE ** ] |
+---------------------------+
| ** Correcte ** 1          |
+---------------------------+
+------------------------------------------------------------------+
| ----------------------- Finalitzacio --------------------------- |
+------------------------------------------------------------------+
| Joc de Proves                                                    |
+------------------------------------------------------------------+
+----------------------------+-----------------------------------------------------------------------------------------------------------------------------------------------------------------------------------+
| event_time                 | arg                                                                                                                                                                               |
+----------------------------+-----------------------------------------------------------------------------------------------------------------------------------------------------------------------------------+
| 2024-10-17 18:37:36.464911 | SET @tags=NULL, @valor=NULL                                                                                                                                                       |
| 2024-10-17 18:37:36.465951 | SET AUTOCOMMIT = 0                                                                                                                                                                |
| 2024-10-17 18:37:36.466104 | SELECT current_timestamp(3)                                                                                                                                                       |
| 2024-10-17 18:37:36.467745 | INSERT INTO photouser VALUES (1000, 'Allen', sysdate(), 'Noruega', 'Lorem #Ipsum ##, #fjord .')                                                                                   |
| 2024-10-17 18:37:36.469274 | INSERT INTO tagphoto(idphoto, nomuser, tag)
        VALUES (NEW.idphoto, NEW.nomuser, REPLACE( NAME_CONST('hashtag',_utf8mb4'#Ipsum' COLLATE 'utf8mb4_0900_ai_ci'), '#',''))      |
| 2024-10-17 18:37:36.469370 | INSERT INTO tagphoto(idphoto, nomuser, tag)
        VALUES (NEW.idphoto, NEW.nomuser, REPLACE( NAME_CONST('hashtag',_utf8mb4'##,' COLLATE 'utf8mb4_0900_ai_ci'), '#',''))         |
| 2024-10-17 18:37:36.469408 | INSERT INTO tagphoto(idphoto, nomuser, tag)
        VALUES (NEW.idphoto, NEW.nomuser, REPLACE( NAME_CONST('hashtag',_utf8mb4'#fjord' COLLATE 'utf8mb4_0900_ai_ci'), '#',''))      |
| 2024-10-17 18:37:36.469532 | SHOW ERRORS                                                                                                                                                                       |
| 2024-10-17 18:37:36.469602 | SHOW warnings                                                                                                                                                                     |
| 2024-10-17 18:37:36.469680 | SELECT count(*) as tags FROM tagphoto WHERE idphoto=1000 AND nomuser = 'Allen' INTO @tags                                                                                         |
| 2024-10-17 18:37:36.469920 | SET @valor = CASE 
  WHEN @tags=3 THEN '** Correcte **'
  ELSE
    '** ERROR o Incorrecte **'
END                                                                                 |
| 2024-10-17 18:37:36.470021 | SELECT CONCAT(@valor, " ", @tags) AS '[ ** RESULTAT INSERT ** ]'                                                                                                                  |
| 2024-10-17 18:37:36.471958 | SELECT current_timestamp(3)                                                                                                                                                       |
| 2024-10-17 18:37:36.473869 | SET @tags=NULL, @valor=NULL                                                                                                                                                       |
| 2024-10-17 18:37:36.474083 | UPDATE photouser SET descripcio = 'Els tags es #minimitzen de tagphoto' where idphoto = 1000 and nomuser = 'Allen'                                                                |
| 2024-10-17 18:37:36.474335 | DELETE FROM tagphoto WHERE idphoto = NEW.idphoto                                                                                                                                  |
| 2024-10-17 18:37:36.474476 | INSERT INTO tagphoto(idphoto, nomuser, tag)
        VALUES (NEW.idphoto, NEW.nomuser, REPLACE( NAME_CONST('hashtag',_utf8mb4'#minimitzen' COLLATE 'utf8mb4_0900_ai_ci'), '#','')) |
| 2024-10-17 18:37:36.474679 | SELECT count(*) as tags FROM tagphoto WHERE idphoto=1000 AND nomuser = 'Allen' INTO @tags                                                                                         |
| 2024-10-17 18:37:36.474927 | SET @valor = CASE 
  WHEN @tags=1 THEN '** Correcte **'
  ELSE
    '** ERROR o Incorrecte **'
END                                                                                 |
| 2024-10-17 18:37:36.475055 | SELECT CONCAT(@valor, " ", @tags) AS '[ ** RESULTAT UPDATE ** ]'                                                                                                                  |
| 2024-10-17 18:37:36.477151 | SHOW errors                                                                                                                                                                       |
| 2024-10-17 18:37:36.477311 | SHOW warnings                                                                                                                                                                     |
| 2024-10-17 18:37:36.477430 | SELECT 'Joc de Proves' AS '----------------------- Finalitzacio ---------------------------'                                                                                      |
| 2024-10-17 18:37:36.479606 | SELECT event_time, CAST(argument AS CHAR(10000) CHARACTER SET utf8)  as arg  FROM mysql.general_log ORDER BY event_time                                                           |
+----------------------------+-----------------------------------------------------------------------------------------------------------------------------------------------------------------------------------+
